


ARM Macro Assembler    Page 1 


    1 00000000         ;******************** (C) COPYRIGHT 2011 STMicroelectron
                       ics ********************
    2 00000000         ;* File Name          : startup_stm32f4xx.s
    3 00000000         ;* Author             : MCD Application Team
    4 00000000         ;* Version            : V1.0.0
    5 00000000         ;* Date               : 30-September-2011
    6 00000000         ;* Description        : STM32F4xx devices vector table f
                       or MDK-ARM toolchain. 
    7 00000000         ;*                      This module performs:
    8 00000000         ;*                      - Set the initial SP
    9 00000000         ;*                      - Set the initial PC == Reset_Ha
                       ndler
   10 00000000         ;*                      - Set the vector table entries w
                       ith the exceptions ISR address
   11 00000000         ;*                      - Configure the system clock and
                        the external SRAM mounted on 
   12 00000000         ;*                        STM324xG-EVAL board to be used
                        as data memory (optional, 
   13 00000000         ;*                        to be enabled by user)
   14 00000000         ;*                      - Branches to __main in the C li
                       brary (which eventually
   15 00000000         ;*                        calls main()).
   16 00000000         ;*                      After Reset the CortexM4 process
                       or is in Thread mode,
   17 00000000         ;*                      priority is Privileged, and the 
                       Stack is set to Main.
   18 00000000         ;* <<< Use Configuration Wizard in Context Menu >>>   
   19 00000000         ;*******************************************************
                       ************************
   20 00000000         ; THE PRESENT FIRMWARE WHICH IS FOR GUIDANCE ONLY AIMS A
                       T PROVIDING CUSTOMERS
   21 00000000         ; WITH CODING INFORMATION REGARDING THEIR PRODUCTS IN OR
                       DER FOR THEM TO SAVE TIME.
   22 00000000         ; AS A RESULT, STMICROELECTRONICS SHALL NOT BE HELD LIAB
                       LE FOR ANY DIRECT,
   23 00000000         ; INDIRECT OR CONSEQUENTIAL DAMAGES WITH RESPECT TO ANY 
                       CLAIMS ARISING FROM THE
   24 00000000         ; CONTENT OF SUCH FIRMWARE AND/OR THE USE MADE BY CUSTOM
                       ERS OF THE CODING
   25 00000000         ; INFORMATION CONTAINED HEREIN IN CONNECTION WITH THEIR 
                       PRODUCTS.
   26 00000000         ;*******************************************************
                       ************************
   27 00000000         
   28 00000000         ; Amount of memory (in bytes) allocated for Stack
   29 00000000         ; Tailor this value to your application needs
   30 00000000         ; <h> Stack Configuration
   31 00000000         ;   <o> Stack Size (in Bytes) <0x0-0xFFFFFFFF:8>
   32 00000000         ; </h>
   33 00000000         
   34 00000000 00000780 
                       Stack_Size
                               EQU              0x0000780
   35 00000000         
   36 00000000                 AREA             STACK, NOINIT, READWRITE, ALIGN
=3
   37 00000000         Stack_Mem
                               SPACE            Stack_Size
   38 00000780         __initial_sp



ARM Macro Assembler    Page 2 


   39 00000780         
   40 00000780         
   41 00000780         ; <h> Heap Configuration
   42 00000780         ;   <o>  Heap Size (in Bytes) <0x0-0xFFFFFFFF:8>
   43 00000780         ; </h>
   44 00000780         
   45 00000780 00000780 
                       Heap_Size
                               EQU              0x0000780
   46 00000780         
   47 00000780                 AREA             HEAP, NOINIT, READWRITE, ALIGN=
3
   48 00000000         __heap_base
   49 00000000         Heap_Mem
                               SPACE            Heap_Size
   50 00000780         __heap_limit
   51 00000780         
   52 00000780                 PRESERVE8
   53 00000780                 THUMB
   54 00000780         
   55 00000780         
   56 00000780         ; Vector Table Mapped to Address 0 at Reset
   57 00000780                 AREA             RESET, DATA, READONLY
   58 00000000         
   59 00000000                 AREA             |.text|, CODE, READONLY
   60 00000000         
   61 00000000         ; Reset handler
   62 00000000         Reset_Handler
                               PROC
   63 00000000                 EXPORT           Reset_Handler             [WEAK
]
   64 00000000                 ENDP
   65 00000000         
   66 00000000         
   67 00000000 E7FE            B                .
   68 00000002         
   69 00000002         
   70 00000002         
   71 00000002 00 00           ALIGN
   72 00000004         
   73 00000004         ;*******************************************************
                       ************************
   74 00000004         ; User Stack and Heap initialization
   75 00000004         ;*******************************************************
                       ************************
   76 00000004                 IF               :DEF:__MICROLIB
   83 00000004         
   84 00000004                 IMPORT           __use_two_region_memory
   85 00000004                 EXPORT           __user_initial_stackheap
   86 00000004         
   87 00000004         __user_initial_stackheap
   88 00000004         
   89 00000004 4802            LDR              R0, =  Heap_Mem
   90 00000006 4903            LDR              R1, =(Stack_Mem + Stack_Size)
   91 00000008 4A03            LDR              R2, = (Heap_Mem +  Heap_Size)
   92 0000000A 4B04            LDR              R3, = Stack_Mem
   93 0000000C 4770            BX               LR
   94 0000000E         
   95 0000000E 00 00           ALIGN



ARM Macro Assembler    Page 3 


   96 00000010         
   97 00000010                 ENDIF
   98 00000010         
   99 00000010                 END
              00000000 
              00000780 
              00000780 
              00000000 
Command Line: --debug --xref --cpu=Cortex-M4.fp --apcs=interwork --depend=.\bin
\startup.d -o.\bin\startup.o -IC:\Keil\ARM\RV31\INC -IC:\Keil\ARM\CMSIS\Include
 -IC:\Keil\ARM\Inc\ST\STM32F4xx --predefine="__EVAL SETA 1" --list=.\bin\keil\s
tartup.lst Lib\startup.s



ARM Macro Assembler    Page 1 Alphabetic symbol ordering
Relocatable symbols

STACK 00000000

Symbol: STACK
   Definitions
      At line 36 in file Lib\startup.s
   Uses
      None
Comment: STACK unused
Stack_Mem 00000000

Symbol: Stack_Mem
   Definitions
      At line 37 in file Lib\startup.s
   Uses
      At line 90 in file Lib\startup.s
      At line 92 in file Lib\startup.s

__initial_sp 00000780

Symbol: __initial_sp
   Definitions
      At line 38 in file Lib\startup.s
   Uses
      None
Comment: __initial_sp unused
3 symbols



ARM Macro Assembler    Page 1 Alphabetic symbol ordering
Relocatable symbols

HEAP 00000000

Symbol: HEAP
   Definitions
      At line 47 in file Lib\startup.s
   Uses
      None
Comment: HEAP unused
Heap_Mem 00000000

Symbol: Heap_Mem
   Definitions
      At line 49 in file Lib\startup.s
   Uses
      At line 89 in file Lib\startup.s
      At line 91 in file Lib\startup.s

__heap_base 00000000

Symbol: __heap_base
   Definitions
      At line 48 in file Lib\startup.s
   Uses
      None
Comment: __heap_base unused
__heap_limit 00000780

Symbol: __heap_limit
   Definitions
      At line 50 in file Lib\startup.s
   Uses
      None
Comment: __heap_limit unused
4 symbols



ARM Macro Assembler    Page 1 Alphabetic symbol ordering
Relocatable symbols

RESET 00000000

Symbol: RESET
   Definitions
      At line 57 in file Lib\startup.s
   Uses
      None
Comment: RESET unused
1 symbol



ARM Macro Assembler    Page 1 Alphabetic symbol ordering
Relocatable symbols

.text 00000000

Symbol: .text
   Definitions
      At line 59 in file Lib\startup.s
   Uses
      None
Comment: .text unused
Reset_Handler 00000000

Symbol: Reset_Handler
   Definitions
      At line 62 in file Lib\startup.s
   Uses
      At line 63 in file Lib\startup.s
Comment: Reset_Handler used once
__user_initial_stackheap 00000004

Symbol: __user_initial_stackheap
   Definitions
      At line 87 in file Lib\startup.s
   Uses
      At line 85 in file Lib\startup.s
Comment: __user_initial_stackheap used once
3 symbols



ARM Macro Assembler    Page 1 Alphabetic symbol ordering
Absolute symbols

Heap_Size 00000780

Symbol: Heap_Size
   Definitions
      At line 45 in file Lib\startup.s
   Uses
      At line 49 in file Lib\startup.s
      At line 91 in file Lib\startup.s

Stack_Size 00000780

Symbol: Stack_Size
   Definitions
      At line 34 in file Lib\startup.s
   Uses
      At line 37 in file Lib\startup.s
      At line 90 in file Lib\startup.s

2 symbols



ARM Macro Assembler    Page 1 Alphabetic symbol ordering
External symbols

__use_two_region_memory 00000000

Symbol: __use_two_region_memory
   Definitions
      At line 84 in file Lib\startup.s
   Uses
      None
Comment: __use_two_region_memory unused
1 symbol
350 symbols in table
